Drill report for /home/derak/projekty/elektro/MotorDriver/MotorDriver.kicad_pcb
Created on Čt 24. ledna 2019, 13:29:41 CET

Copper Layer Stackup:
    =============================================================
    L1 :  F.Cu                      front
    L2 :  B.Cu                      back


Drill file 'MotorDriver-PTH.drl' contains
    plated through holes:
    =============================================================
    T1  0,40mm  0,016"  (147 holes)
    T2  0,80mm  0,031"  (2 holes)
    T3  0,90mm  0,035"  (4 holes)
    T4  1,00mm  0,039"  (14 holes)
    T5  1,20mm  0,047"  (18 holes)
    T6  1,30mm  0,051"  (5 holes)
    T7  1,78mm  0,070"  (4 holes)

    Total plated holes count 194


Drill file 'MotorDriver-NPTH.drl' contains
    unplated through holes:
    =============================================================
    T1  3,20mm  0,126"  (4 holes)

    Total unplated holes count 4
